<?xml version="1.0" encoding="UTF-8"?>
<testsuite name="RESTAssuredEmployeeJSONTests" tests="1" skipped="0" failures="0" errors="0" timestamp="2019-12-28T04:45:27" hostname="admin265-H110M-H" time="1.238">
  <properties/>
  <testcase name="givenEmployee_OnPost_ShouldReturnAddEmployee" classname="RESTAssuredEmployeeJSONTests" time="1.238"/>
  <system-out><![CDATA[]]></system-out>
  <system-err><![CDATA[]]></system-err>
</testsuite>
